{"name": "test_negative1", "status": "broken", "statusDetails": {"message": "selenium.common.exceptions.NoSuchElementException: Message: no such element: Unable to locate element: {\"method\":\"xpath\",\"selector\":\"//input[@id='txt-username']\"}\n  (Session info: chrome=126.0.6478.183); For documentation on this error, please visit: https://www.selenium.dev/documentation/webdriver/troubleshooting/errors#no-such-element-exception\nStacktrace:\n\tGetHandleVerifier [0x00007FF72B6EEEB2+31554]\n\t(No symbol) [0x00007FF72B667EE9]\n\t(No symbol) [0x00007FF72B52872A]\n\t(No symbol) [0x00007FF72B578434]\n\t(No symbol) [0x00007FF72B57853C]\n\t(No symbol) [0x00007FF72B5BF6A7]\n\t(No symbol) [0x00007FF72B59D06F]\n\t(No symbol) [0x00007FF72B5BC977]\n\t(No symbol) [0x00007FF72B59CDD3]\n\t(No symbol) [0x00007FF72B56A33B]\n\t(No symbol) [0x00007FF72B56AED1]\n\tGetHandleVerifier [0x00007FF72B9F8B2D+3217341]\n\tGetHandleVerifier [0x00007FF72BA45AF3+3532675]\n\tGetHandleVerifier [0x00007FF72BA3B0F0+3489152]\n\tGetHandleVerifier [0x00007FF72B79E786+750614]\n\t(No symbol) [0x00007FF72B67376F]\n\t(No symbol) [0x00007FF72B66EB24]\n\t(No symbol) [0x00007FF72B66ECB2]\n\t(No symbol) [0x00007FF72B65E17F]\n\tBaseThreadInitThunk [0x00007FFE75F6257D+29]\n\tRtlUserThreadStart [0x00007FFE7698AF28+40]", "trace": "self = <Test_pom.Test_Login object at 0x0000022CF5C71E80>\nsetup = <selenium.webdriver.chrome.webdriver.WebDriver (session=\"0bc4fcf36f4f40875d426697f6223d0a\")>\n\n    @pytest.mark.usefixtures(\"setup\")\n    def test_negative1(self,setup):\n        driver = setup\n        login_page = Login_page(driver)\n        login_page.get_makeappointment()\n>       login_page.login_to_cura(user=\"admin\", pwd=\"admin1\")\n\nTest_pom.py:26: \n_ _ _ _ _ _ _ _ _ _ _ _ _ _ _ _ _ _ _ _ _ _ _ _ _ _ _ _ _ _ _ _ _ _ _ _ _ _ _ _\n..\\..\\pageobjects\\loginpage.py:47: in login_to_cura\n    self.get_username().send_keys(user)\n..\\..\\pageobjects\\loginpage.py:32: in get_username\n    return self.driver.find_element(*Login_page.username)\n..\\..\\..\\.venv\\Lib\\site-packages\\selenium\\webdriver\\remote\\webdriver.py:748: in find_element\n    return self.execute(Command.FIND_ELEMENT, {\"using\": by, \"value\": value})[\"value\"]\n..\\..\\..\\.venv\\Lib\\site-packages\\selenium\\webdriver\\remote\\webdriver.py:354: in execute\n    self.error_handler.check_response(response)\n_ _ _ _ _ _ _ _ _ _ _ _ _ _ _ _ _ _ _ _ _ _ _ _ _ _ _ _ _ _ _ _ _ _ _ _ _ _ _ _\n\nself = <selenium.webdriver.remote.errorhandler.ErrorHandler object at 0x0000022CF5C70950>\nresponse = {'status': 404, 'value': '{\"value\":{\"error\":\"no such element\",\"message\":\"no such element: Unable to locate element: {\\...07FF72B65E17F]\\\\n\\\\tBaseThreadInitThunk [0x00007FFE75F6257D+29]\\\\n\\\\tRtlUserThreadStart [0x00007FFE7698AF28+40]\\\\n\"}}'}\n\n    def check_response(self, response: Dict[str, Any]) -> None:\n        \"\"\"Checks that a JSON response from the WebDriver does not have an\n        error.\n    \n        :Args:\n         - response - The JSON response from the WebDriver server as a dictionary\n           object.\n    \n        :Raises: If the response contains an error message.\n        \"\"\"\n        status = response.get(\"status\", None)\n        if not status or status == ErrorCode.SUCCESS:\n            return\n        value = None\n        message = response.get(\"message\", \"\")\n        screen: str = response.get(\"screen\", \"\")\n        stacktrace = None\n        if isinstance(status, int):\n            value_json = response.get(\"value\", None)\n            if value_json and isinstance(value_json, str):\n                import json\n    \n                try:\n                    value = json.loads(value_json)\n                    if len(value) == 1:\n                        value = value[\"value\"]\n                    status = value.get(\"error\", None)\n                    if not status:\n                        status = value.get(\"status\", ErrorCode.UNKNOWN_ERROR)\n                        message = value.get(\"value\") or value.get(\"message\")\n                        if not isinstance(message, str):\n                            value = message\n                            message = message.get(\"message\")\n                    else:\n                        message = value.get(\"message\", None)\n                except ValueError:\n                    pass\n    \n        exception_class: Type[WebDriverException]\n        e = ErrorCode()\n        error_codes = [item for item in dir(e) if not item.startswith(\"__\")]\n        for error_code in error_codes:\n            error_info = getattr(ErrorCode, error_code)\n            if isinstance(error_info, list) and status in error_info:\n                exception_class = getattr(ExceptionMapping, error_code, WebDriverException)\n                break\n        else:\n            exception_class = WebDriverException\n    \n        if not value:\n            value = response[\"value\"]\n        if isinstance(value, str):\n            raise exception_class(value)\n        if message == \"\" and \"message\" in value:\n            message = value[\"message\"]\n    \n        screen = None  # type: ignore[assignment]\n        if \"screen\" in value:\n            screen = value[\"screen\"]\n    \n        stacktrace = None\n        st_value = value.get(\"stackTrace\") or value.get(\"stacktrace\")\n        if st_value:\n            if isinstance(st_value, str):\n                stacktrace = st_value.split(\"\\n\")\n            else:\n                stacktrace = []\n                try:\n                    for frame in st_value:\n                        line = frame.get(\"lineNumber\", \"\")\n                        file = frame.get(\"fileName\", \"<anonymous>\")\n                        if line:\n                            file = f\"{file}:{line}\"\n                        meth = frame.get(\"methodName\", \"<anonymous>\")\n                        if \"className\" in frame:\n                            meth = f\"{frame['className']}.{meth}\"\n                        msg = \"    at %s (%s)\"\n                        msg = msg % (meth, file)\n                        stacktrace.append(msg)\n                except TypeError:\n                    pass\n        if exception_class == UnexpectedAlertPresentException:\n            alert_text = None\n            if \"data\" in value:\n                alert_text = value[\"data\"].get(\"text\")\n            elif \"alert\" in value:\n                alert_text = value[\"alert\"].get(\"text\")\n            raise exception_class(message, screen, stacktrace, alert_text)  # type: ignore[call-arg]  # mypy is not smart enough here\n>       raise exception_class(message, screen, stacktrace)\nE       selenium.common.exceptions.NoSuchElementException: Message: no such element: Unable to locate element: {\"method\":\"xpath\",\"selector\":\"//input[@id='txt-username']\"}\nE         (Session info: chrome=126.0.6478.183); For documentation on this error, please visit: https://www.selenium.dev/documentation/webdriver/troubleshooting/errors#no-such-element-exception\nE       Stacktrace:\nE       \tGetHandleVerifier [0x00007FF72B6EEEB2+31554]\nE       \t(No symbol) [0x00007FF72B667EE9]\nE       \t(No symbol) [0x00007FF72B52872A]\nE       \t(No symbol) [0x00007FF72B578434]\nE       \t(No symbol) [0x00007FF72B57853C]\nE       \t(No symbol) [0x00007FF72B5BF6A7]\nE       \t(No symbol) [0x00007FF72B59D06F]\nE       \t(No symbol) [0x00007FF72B5BC977]\nE       \t(No symbol) [0x00007FF72B59CDD3]\nE       \t(No symbol) [0x00007FF72B56A33B]\nE       \t(No symbol) [0x00007FF72B56AED1]\nE       \tGetHandleVerifier [0x00007FF72B9F8B2D+3217341]\nE       \tGetHandleVerifier [0x00007FF72BA45AF3+3532675]\nE       \tGetHandleVerifier [0x00007FF72BA3B0F0+3489152]\nE       \tGetHandleVerifier [0x00007FF72B79E786+750614]\nE       \t(No symbol) [0x00007FF72B67376F]\nE       \t(No symbol) [0x00007FF72B66EB24]\nE       \t(No symbol) [0x00007FF72B66ECB2]\nE       \t(No symbol) [0x00007FF72B65E17F]\nE       \tBaseThreadInitThunk [0x00007FFE75F6257D+29]\nE       \tRtlUserThreadStart [0x00007FFE7698AF28+40]\n\n..\\..\\..\\.venv\\Lib\\site-packages\\selenium\\webdriver\\remote\\errorhandler.py:229: NoSuchElementException"}, "start": 1722516204249, "stop": 1722516204394, "uuid": "21dbd069-6452-47c6-8352-733cd8a58320", "historyId": "af300e213ea786991270de67c5fe1c71", "testCaseId": "af300e213ea786991270de67c5fe1c71", "fullName": "test.CURA_logintests.Pom.Test_pom.Test_Login#test_negative1", "labels": [{"name": "tag", "value": "@pytest.mark.usefixtures('setup')"}, {"name": "parentSuite", "value": "test.CURA_logintests.Pom"}, {"name": "suite", "value": "Test_pom"}, {"name": "subSuite", "value": "Test_Login"}, {"name": "host", "value": "INBLRGVE12617TL"}, {"name": "thread", "value": "18952-MainThread"}, {"name": "framework", "value": "pytest"}, {"name": "language", "value": "cpython3"}, {"name": "package", "value": "test.CURA_logintests.Pom.Test_pom"}]}